2024-03-17 15:54:50 - INFO - Not running on server, using default data directory: C:\Users\rausc\Documents\EMBL\data\big_data_small\good_sample-unidentified
2024-03-17 15:54:50 - INFO - Using file path: C:\Users\rausc\Documents\EMBL\projects\OCM_denoising-FastDVDNet
2024-03-17 15:54:50 - INFO - GPU is not available
2024-03-17 15:54:50 - INFO - C:\Users\rausc\Documents\EMBL\data\big_data_small\good_sample-unidentified
2024-03-17 15:54:50 - INFO - Global min and max parameters saved to C:\Users\rausc\Documents\EMBL\data\big_data_small\good_sample-unidentified\min_max_params.pkl
2024-03-17 15:54:50 - INFO - Execution time: 0.020087718963623047 seconds
2024-03-17 15:54:59 - INFO - TRAIN: EPOCH 1: BATCH 0000/0032: LOSS: 1253.2477
2024-03-17 15:55:00 - INFO - TRAIN: EPOCH 1: BATCH 0001/0032: LOSS: 896.2110
2024-03-17 15:55:00 - INFO - TRAIN: EPOCH 1: BATCH 0002/0032: LOSS: 580.4056
2024-03-17 15:55:00 - INFO - TRAIN: EPOCH 1: BATCH 0003/0032: LOSS: 413.7749
2024-03-17 15:55:01 - INFO - TRAIN: EPOCH 1: BATCH 0004/0032: LOSS: 310.9023
2024-03-17 15:55:01 - INFO - TRAIN: EPOCH 1: BATCH 0005/0032: LOSS: 404.0974
2024-03-17 15:55:01 - INFO - TRAIN: EPOCH 1: BATCH 0006/0032: LOSS: 229.1633
2024-03-17 15:55:02 - INFO - TRAIN: EPOCH 1: BATCH 0007/0032: LOSS: 274.8093
2024-03-17 15:55:02 - INFO - TRAIN: EPOCH 1: BATCH 0008/0032: LOSS: 199.9770
2024-03-17 15:55:02 - INFO - TRAIN: EPOCH 1: BATCH 0009/0032: LOSS: 192.9343
2024-03-17 15:55:03 - INFO - TRAIN: EPOCH 1: BATCH 0010/0032: LOSS: 152.3510
2024-03-17 15:55:03 - INFO - TRAIN: EPOCH 1: BATCH 0011/0032: LOSS: 164.0308
2024-03-17 15:55:04 - INFO - TRAIN: EPOCH 1: BATCH 0012/0032: LOSS: 160.5882
2024-03-17 15:55:04 - INFO - TRAIN: EPOCH 1: BATCH 0013/0032: LOSS: 164.8436
2024-03-17 15:55:04 - INFO - TRAIN: EPOCH 1: BATCH 0014/0032: LOSS: 135.6722
2024-03-17 15:55:05 - INFO - TRAIN: EPOCH 1: BATCH 0015/0032: LOSS: 141.1886
2024-03-17 15:55:05 - INFO - TRAIN: EPOCH 1: BATCH 0016/0032: LOSS: 153.6144
2024-03-17 15:55:06 - INFO - TRAIN: EPOCH 1: BATCH 0017/0032: LOSS: 154.1626
2024-03-17 15:55:06 - INFO - TRAIN: EPOCH 1: BATCH 0018/0032: LOSS: 128.5720
2024-03-17 15:55:06 - INFO - TRAIN: EPOCH 1: BATCH 0019/0032: LOSS: 177.9378
2024-03-17 15:55:07 - INFO - TRAIN: EPOCH 1: BATCH 0020/0032: LOSS: 138.9598
2024-03-17 15:55:07 - INFO - TRAIN: EPOCH 1: BATCH 0021/0032: LOSS: 164.7731
2024-03-17 15:55:08 - INFO - TRAIN: EPOCH 1: BATCH 0022/0032: LOSS: 151.6485
2024-03-17 15:55:08 - INFO - TRAIN: EPOCH 1: BATCH 0023/0032: LOSS: 194.3332
2024-03-17 15:55:08 - INFO - TRAIN: EPOCH 1: BATCH 0024/0032: LOSS: 122.8967
2024-03-17 15:55:09 - INFO - TRAIN: EPOCH 1: BATCH 0025/0032: LOSS: 179.9537
2024-03-17 15:55:09 - INFO - TRAIN: EPOCH 1: BATCH 0026/0032: LOSS: 198.8754
2024-03-17 15:55:10 - INFO - TRAIN: EPOCH 1: BATCH 0027/0032: LOSS: 118.2247
2024-03-17 15:55:10 - INFO - TRAIN: EPOCH 1: BATCH 0028/0032: LOSS: 116.4655
2024-03-17 15:55:10 - INFO - TRAIN: EPOCH 1: BATCH 0029/0032: LOSS: 127.6539
2024-03-17 15:55:11 - INFO - TRAIN: EPOCH 1: BATCH 0030/0032: LOSS: 116.2796
2024-03-17 15:55:11 - INFO - TRAIN: EPOCH 1: BATCH 0031/0032: LOSS: 58.4754
2024-03-17 15:55:23 - INFO - TRAIN: EPOCH 2: BATCH 0000/0032: LOSS: 138.0012
2024-03-17 15:55:24 - INFO - TRAIN: EPOCH 2: BATCH 0001/0032: LOSS: 207.3021
2024-03-17 15:55:24 - INFO - TRAIN: EPOCH 2: BATCH 0002/0032: LOSS: 149.9542
2024-03-17 15:55:25 - INFO - TRAIN: EPOCH 2: BATCH 0003/0032: LOSS: 171.2408
2024-03-17 15:55:25 - INFO - TRAIN: EPOCH 2: BATCH 0004/0032: LOSS: 134.3849
2024-03-17 15:55:25 - INFO - TRAIN: EPOCH 2: BATCH 0005/0032: LOSS: 213.5241
2024-03-17 15:55:26 - INFO - TRAIN: EPOCH 2: BATCH 0006/0032: LOSS: 126.4985
2024-03-17 15:55:26 - INFO - TRAIN: EPOCH 2: BATCH 0007/0032: LOSS: 138.0098
2024-03-17 15:55:27 - INFO - TRAIN: EPOCH 2: BATCH 0008/0032: LOSS: 284.9551
2024-03-17 15:55:27 - INFO - TRAIN: EPOCH 2: BATCH 0009/0032: LOSS: 201.0028
2024-03-17 15:55:27 - INFO - TRAIN: EPOCH 2: BATCH 0010/0032: LOSS: 149.9925
2024-03-17 15:55:28 - INFO - TRAIN: EPOCH 2: BATCH 0011/0032: LOSS: 145.2393
2024-03-17 15:55:28 - INFO - TRAIN: EPOCH 2: BATCH 0012/0032: LOSS: 118.0001
2024-03-17 15:55:29 - INFO - TRAIN: EPOCH 2: BATCH 0013/0032: LOSS: 140.3747
2024-03-17 15:55:29 - INFO - TRAIN: EPOCH 2: BATCH 0014/0032: LOSS: 138.3459
2024-03-17 15:55:29 - INFO - TRAIN: EPOCH 2: BATCH 0015/0032: LOSS: 145.0139
2024-03-17 15:55:30 - INFO - TRAIN: EPOCH 2: BATCH 0016/0032: LOSS: 125.8874
2024-03-17 15:55:30 - INFO - TRAIN: EPOCH 2: BATCH 0017/0032: LOSS: 294.4099
2024-03-17 15:55:30 - INFO - TRAIN: EPOCH 2: BATCH 0018/0032: LOSS: 111.9918
2024-03-17 15:55:31 - INFO - TRAIN: EPOCH 2: BATCH 0019/0032: LOSS: 121.2648
2024-03-17 15:55:31 - INFO - TRAIN: EPOCH 2: BATCH 0020/0032: LOSS: 119.9058
2024-03-17 15:55:32 - INFO - TRAIN: EPOCH 2: BATCH 0021/0032: LOSS: 155.8030
2024-03-17 15:55:32 - INFO - TRAIN: EPOCH 2: BATCH 0022/0032: LOSS: 119.7525
2024-03-17 15:55:32 - INFO - TRAIN: EPOCH 2: BATCH 0023/0032: LOSS: 202.0978
2024-03-17 15:55:33 - INFO - TRAIN: EPOCH 2: BATCH 0024/0032: LOSS: 130.7928
2024-03-17 15:55:33 - INFO - TRAIN: EPOCH 2: BATCH 0025/0032: LOSS: 129.9117
2024-03-17 15:55:34 - INFO - TRAIN: EPOCH 2: BATCH 0026/0032: LOSS: 131.5435
2024-03-17 15:55:34 - INFO - TRAIN: EPOCH 2: BATCH 0027/0032: LOSS: 139.2465
2024-03-17 15:55:34 - INFO - TRAIN: EPOCH 2: BATCH 0028/0032: LOSS: 121.1058
2024-03-17 15:55:35 - INFO - TRAIN: EPOCH 2: BATCH 0029/0032: LOSS: 143.7822
2024-03-17 15:55:35 - INFO - TRAIN: EPOCH 2: BATCH 0030/0032: LOSS: 117.9374
2024-03-17 15:55:36 - INFO - TRAIN: EPOCH 2: BATCH 0031/0032: LOSS: 136.6030
2024-03-17 15:55:46 - INFO - TRAIN: EPOCH 3: BATCH 0000/0032: LOSS: 154.7612
2024-03-17 15:55:47 - INFO - TRAIN: EPOCH 3: BATCH 0001/0032: LOSS: 147.9691
2024-03-17 15:55:47 - INFO - TRAIN: EPOCH 3: BATCH 0002/0032: LOSS: 141.7755
2024-03-17 15:55:48 - INFO - TRAIN: EPOCH 3: BATCH 0003/0032: LOSS: 134.3944
2024-03-17 15:55:48 - INFO - TRAIN: EPOCH 3: BATCH 0004/0032: LOSS: 166.3410
2024-03-17 15:55:49 - INFO - TRAIN: EPOCH 3: BATCH 0005/0032: LOSS: 114.7676
2024-03-17 15:55:49 - INFO - TRAIN: EPOCH 3: BATCH 0006/0032: LOSS: 107.1244
2024-03-17 15:55:50 - INFO - TRAIN: EPOCH 3: BATCH 0007/0032: LOSS: 149.7201
2024-03-17 15:55:51 - ERROR - Traceback (most recent call last):
2024-03-17 15:55:51 - ERROR -   File "c:\Users\rausc\AppData\Local\Programs\Python\Python310\lib\runpy.py", line 196, in _run_module_as_main
2024-03-17 15:55:51 - ERROR - return _run_code(code, main_globals, None,
2024-03-17 15:55:51 - ERROR -   File "c:\Users\rausc\AppData\Local\Programs\Python\Python310\lib\runpy.py", line 86, in _run_code
2024-03-17 15:55:51 - ERROR - exec(code, run_globals)
2024-03-17 15:55:51 - ERROR -   File "c:\Users\rausc\.vscode\extensions\ms-python.debugpy-2024.2.0-win32-x64\bundled\libs\debugpy\__main__.py", line 39, in <module>
2024-03-17 15:55:51 - ERROR - cli.main()
2024-03-17 15:55:51 - ERROR -   File "c:\Users\rausc\.vscode\extensions\ms-python.debugpy-2024.2.0-win32-x64\bundled\libs\debugpy/..\debugpy\server\cli.py", line 430, in main
2024-03-17 15:55:51 - ERROR - run()
2024-03-17 15:55:51 - ERROR -   File "c:\Users\rausc\.vscode\extensions\ms-python.debugpy-2024.2.0-win32-x64\bundled\libs\debugpy/..\debugpy\server\cli.py", line 284, in run_file
2024-03-17 15:55:51 - ERROR - runpy.run_path(target, run_name="__main__")
2024-03-17 15:55:51 - ERROR -   File "c:\Users\rausc\.vscode\extensions\ms-python.debugpy-2024.2.0-win32-x64\bundled\libs\debugpy\_vendored\pydevd\_pydevd_bundle\pydevd_runpy.py", line 321, in run_path
2024-03-17 15:55:51 - ERROR - return _run_module_code(code, init_globals, run_name,
2024-03-17 15:55:51 - ERROR -   File "c:\Users\rausc\.vscode\extensions\ms-python.debugpy-2024.2.0-win32-x64\bundled\libs\debugpy\_vendored\pydevd\_pydevd_bundle\pydevd_runpy.py", line 135, in _run_module_code
2024-03-17 15:55:51 - ERROR - _run_code(code, mod_globals, init_globals,
2024-03-17 15:55:51 - ERROR -   File "c:\Users\rausc\.vscode\extensions\ms-python.debugpy-2024.2.0-win32-x64\bundled\libs\debugpy\_vendored\pydevd\_pydevd_bundle\pydevd_runpy.py", line 124, in _run_code
2024-03-17 15:55:51 - ERROR - exec(code, run_globals)
2024-03-17 15:55:51 - ERROR -   File "C:\Users\rausc\Documents\EMBL\code\FastDVDNet\main.py", line 102, in <module>
2024-03-17 15:55:51 - ERROR - main()
2024-03-17 15:55:51 - ERROR -   File "C:\Users\rausc\Documents\EMBL\code\FastDVDNet\main.py", line 98, in main
2024-03-17 15:55:51 - ERROR - TRAINER.train()
2024-03-17 15:55:51 - ERROR -   File "C:\Users\rausc\Documents\EMBL\code\FastDVDNet\new_train.py", line 137, in train
2024-03-17 15:55:51 - ERROR - loss.backward()
2024-03-17 15:55:51 - ERROR -   File "c:\Users\rausc\AppData\Local\Programs\Python\Python310\lib\site-packages\torch\_tensor.py", line 492, in backward
2024-03-17 15:55:51 - ERROR - torch.autograd.backward(
2024-03-17 15:55:51 - ERROR -   File "c:\Users\rausc\AppData\Local\Programs\Python\Python310\lib\site-packages\torch\autograd\__init__.py", line 251, in backward
2024-03-17 15:55:51 - ERROR - Variable._execution_engine.run_backward(  # Calls into the C++ engine to run the backward pass
2024-03-17 15:55:51 - ERROR - KeyboardInterrupt
2024-03-17 15:58:13 - INFO - Not running on server, using default data directory: C:\Users\rausc\Documents\EMBL\data\big_data_small\good_sample-unidentified
2024-03-17 15:58:13 - INFO - Using file path: C:\Users\rausc\Documents\EMBL\projects\OCM_denoising-FastDVDNet
2024-03-17 15:58:13 - INFO - GPU is not available
2024-03-17 15:58:13 - INFO - C:\Users\rausc\Documents\EMBL\data\big_data_small\good_sample-unidentified
2024-03-17 15:58:13 - INFO - Global min and max parameters saved to C:\Users\rausc\Documents\EMBL\data\big_data_small\good_sample-unidentified\min_max_params.pkl
2024-03-17 15:58:13 - INFO - Execution time: 0.010725736618041992 seconds
2024-03-17 15:58:19 - INFO - TRAIN: EPOCH 1: BATCH 0000/0032: LOSS: 1563.0001
2024-03-17 15:58:19 - INFO - TRAIN: EPOCH 1: BATCH 0001/0032: LOSS: 947.5844
2024-03-17 15:58:20 - INFO - TRAIN: EPOCH 1: BATCH 0002/0032: LOSS: 546.8369
2024-03-17 15:58:20 - INFO - TRAIN: EPOCH 1: BATCH 0003/0032: LOSS: 482.9527
2024-03-17 15:58:21 - INFO - TRAIN: EPOCH 1: BATCH 0004/0032: LOSS: 320.1109
2024-03-17 15:58:21 - INFO - TRAIN: EPOCH 1: BATCH 0005/0032: LOSS: 270.4371
2024-03-17 15:58:22 - INFO - TRAIN: EPOCH 1: BATCH 0006/0032: LOSS: 259.7001
2024-03-17 15:58:22 - INFO - TRAIN: EPOCH 1: BATCH 0007/0032: LOSS: 188.2542
2024-03-17 15:58:23 - INFO - TRAIN: EPOCH 1: BATCH 0008/0032: LOSS: 198.3797
2024-03-17 15:58:23 - INFO - TRAIN: EPOCH 1: BATCH 0009/0032: LOSS: 270.8412
2024-03-17 15:58:24 - INFO - TRAIN: EPOCH 1: BATCH 0010/0032: LOSS: 195.7036
2024-03-17 15:58:25 - INFO - TRAIN: EPOCH 1: BATCH 0011/0032: LOSS: 197.8311
2024-03-17 15:58:25 - INFO - TRAIN: EPOCH 1: BATCH 0012/0032: LOSS: 198.4897
2024-03-17 15:58:26 - INFO - TRAIN: EPOCH 1: BATCH 0013/0032: LOSS: 212.4735
2024-03-17 15:58:26 - INFO - TRAIN: EPOCH 1: BATCH 0014/0032: LOSS: 142.8328
2024-03-17 15:58:26 - INFO - TRAIN: EPOCH 1: BATCH 0015/0032: LOSS: 140.8768
2024-03-17 15:58:27 - INFO - TRAIN: EPOCH 1: BATCH 0016/0032: LOSS: 139.2095
2024-03-17 15:58:28 - INFO - TRAIN: EPOCH 1: BATCH 0017/0032: LOSS: 232.3759
2024-03-17 15:58:28 - INFO - TRAIN: EPOCH 1: BATCH 0018/0032: LOSS: 372.5080
2024-03-17 15:58:29 - INFO - TRAIN: EPOCH 1: BATCH 0019/0032: LOSS: 319.7302
2024-03-17 15:58:29 - INFO - TRAIN: EPOCH 1: BATCH 0020/0032: LOSS: 128.2917
2024-03-17 15:58:30 - INFO - TRAIN: EPOCH 1: BATCH 0021/0032: LOSS: 252.0949
2024-03-17 15:58:30 - INFO - TRAIN: EPOCH 1: BATCH 0022/0032: LOSS: 133.8075
2024-03-17 15:58:31 - INFO - TRAIN: EPOCH 1: BATCH 0023/0032: LOSS: 164.7666
2024-03-17 15:58:32 - INFO - TRAIN: EPOCH 1: BATCH 0024/0032: LOSS: 287.2489
2024-03-17 15:58:32 - INFO - TRAIN: EPOCH 1: BATCH 0025/0032: LOSS: 143.0365
2024-03-17 15:58:33 - INFO - TRAIN: EPOCH 1: BATCH 0026/0032: LOSS: 129.6752
2024-03-17 15:58:33 - INFO - TRAIN: EPOCH 1: BATCH 0027/0032: LOSS: 144.3399
2024-03-17 15:58:34 - INFO - TRAIN: EPOCH 1: BATCH 0028/0032: LOSS: 146.4942
2024-03-17 15:58:34 - INFO - TRAIN: EPOCH 1: BATCH 0029/0032: LOSS: 137.3145
2024-03-17 15:58:35 - INFO - TRAIN: EPOCH 1: BATCH 0030/0032: LOSS: 193.4116
2024-03-17 15:58:35 - INFO - TRAIN: EPOCH 1: BATCH 0031/0032: LOSS: 74.1216
2024-03-17 15:58:37 - ERROR - Traceback (most recent call last):
2024-03-17 15:58:37 - ERROR -   File "<string>", line 1, in <module>
2024-03-17 15:58:37 - ERROR -   File "C:\Users\rausc\AppData\Local\Programs\Python\Python310\lib\multiprocessing\spawn.py", line 116, in spawn_main
2024-03-17 15:58:37 - ERROR - exitcode = _main(fd, parent_sentinel)
2024-03-17 15:58:37 - ERROR -   File "C:\Users\rausc\AppData\Local\Programs\Python\Python310\lib\multiprocessing\spawn.py", line 125, in _main
2024-03-17 15:58:37 - ERROR - prepare(preparation_data)
2024-03-17 15:58:37 - ERROR -   File "C:\Users\rausc\AppData\Local\Programs\Python\Python310\lib\multiprocessing\spawn.py", line 236, in prepare
2024-03-17 15:58:37 - ERROR - _fixup_main_from_path(data['init_main_from_path'])
2024-03-17 15:58:37 - ERROR -   File "C:\Users\rausc\AppData\Local\Programs\Python\Python310\lib\multiprocessing\spawn.py", line 287, in _fixup_main_from_path
2024-03-17 15:58:37 - ERROR - main_content = runpy.run_path(main_path,
2024-03-17 15:58:37 - ERROR -   File "C:\Users\rausc\AppData\Local\Programs\Python\Python310\lib\runpy.py", line 289, in run_path
2024-03-17 15:58:37 - ERROR - return _run_module_code(code, init_globals, run_name,
2024-03-17 15:58:37 - ERROR -   File "C:\Users\rausc\AppData\Local\Programs\Python\Python310\lib\runpy.py", line 96, in _run_module_code
2024-03-17 15:58:37 - ERROR - _run_code(code, mod_globals, init_globals,
2024-03-17 15:58:37 - ERROR -   File "C:\Users\rausc\AppData\Local\Programs\Python\Python310\lib\runpy.py", line 86, in _run_code
2024-03-17 15:58:37 - ERROR - exec(code, run_globals)
2024-03-17 15:58:37 - ERROR -   File "c:\Users\rausc\Documents\EMBL\code\FastDVDNet\main.py", line 43, in <module>
2024-03-17 15:58:37 - ERROR - from utils import *
2024-03-17 15:58:37 - ERROR -   File "c:\Users\rausc\Documents\EMBL\code\FastDVDNet\utils.py", line 5, in <module>
2024-03-17 15:58:37 - ERROR - import torch
2024-03-17 15:58:37 - ERROR -   File "C:\Users\rausc\AppData\Local\Programs\Python\Python310\lib\site-packages\torch\__init__.py", line 1726, in <module>
2024-03-17 15:58:37 - ERROR - from torch import export as export
2024-03-17 15:58:37 - ERROR -   File "C:\Users\rausc\AppData\Local\Programs\Python\Python310\lib\site-packages\torch\export\__init__.py", line 16, in <module>
2024-03-17 15:58:37 - ERROR - from torch.fx.experimental.symbolic_shapes import StrictMinMaxConstraint
2024-03-17 15:58:37 - ERROR -   File "C:\Users\rausc\AppData\Local\Programs\Python\Python310\lib\site-packages\torch\fx\experimental\symbolic_shapes.py", line 562, in <module>
2024-03-17 15:58:37 - ERROR - class DimDynamic(Enum):
2024-03-17 15:58:37 - ERROR -   File "C:\Users\rausc\AppData\Local\Programs\Python\Python310\lib\enum.py", line 217, in __new__
2024-03-17 15:58:37 - ERROR - enum_class._member_map_ = {}                 # name->value map
2024-03-17 15:58:37 - ERROR -   File "C:\Users\rausc\AppData\Local\Programs\Python\Python310\lib\enum.py", line 478, in __setattr__
2024-03-17 15:58:37 - ERROR - member_map = cls.__dict__.get('_member_map_', {})
2024-03-17 15:58:37 - ERROR - KeyboardInterrupt
2024-03-17 15:59:59 - INFO - Not running on server, using default data directory: C:\Users\rausc\Documents\EMBL\data\big_data_small\good_sample-unidentified
2024-03-17 15:59:59 - INFO - Using file path: C:\Users\rausc\Documents\EMBL\projects\OCM_denoising-FastDVDNet
2024-03-17 15:59:59 - INFO - GPU is not available
2024-03-17 15:59:59 - INFO - C:\Users\rausc\Documents\EMBL\data\big_data_small\good_sample-unidentified
2024-03-17 15:59:59 - INFO - Global min and max parameters saved to C:\Users\rausc\Documents\EMBL\data\big_data_small\good_sample-unidentified\min_max_params.pkl
2024-03-17 15:59:59 - INFO - Execution time: 0.01634669303894043 seconds
2024-03-17 16:00:08 - INFO - TRAIN: EPOCH 1: BATCH 0000/0032: LOSS: 1591.2477
2024-03-17 16:00:09 - INFO - TRAIN: EPOCH 1: BATCH 0001/0032: LOSS: 954.4173
2024-03-17 16:00:10 - INFO - TRAIN: EPOCH 1: BATCH 0002/0032: LOSS: 569.5185
2024-03-17 16:00:10 - INFO - TRAIN: EPOCH 1: BATCH 0003/0032: LOSS: 430.7291
2024-03-17 16:00:11 - INFO - TRAIN: EPOCH 1: BATCH 0004/0032: LOSS: 417.1779
2024-03-17 16:00:11 - INFO - TRAIN: EPOCH 1: BATCH 0005/0032: LOSS: 407.6546
2024-03-17 16:00:12 - INFO - TRAIN: EPOCH 1: BATCH 0006/0032: LOSS: 347.9265
2024-03-17 16:00:12 - INFO - TRAIN: EPOCH 1: BATCH 0007/0032: LOSS: 510.3361
2024-03-17 16:00:13 - INFO - TRAIN: EPOCH 1: BATCH 0008/0032: LOSS: 244.7342
2024-03-17 16:00:13 - INFO - TRAIN: EPOCH 1: BATCH 0009/0032: LOSS: 214.3198
2024-03-17 16:00:14 - INFO - TRAIN: EPOCH 1: BATCH 0010/0032: LOSS: 186.4732
2024-03-17 16:00:14 - INFO - TRAIN: EPOCH 1: BATCH 0011/0032: LOSS: 215.3382
2024-03-17 16:00:15 - INFO - TRAIN: EPOCH 1: BATCH 0012/0032: LOSS: 200.5173
2024-03-17 16:00:16 - INFO - TRAIN: EPOCH 1: BATCH 0013/0032: LOSS: 217.0233
2024-03-17 16:00:16 - INFO - TRAIN: EPOCH 1: BATCH 0014/0032: LOSS: 305.7143
2024-03-17 16:00:17 - INFO - TRAIN: EPOCH 1: BATCH 0015/0032: LOSS: 212.2234
2024-03-17 16:00:17 - INFO - TRAIN: EPOCH 1: BATCH 0016/0032: LOSS: 173.3568
2024-03-17 16:00:18 - INFO - TRAIN: EPOCH 1: BATCH 0017/0032: LOSS: 172.4379
2024-03-17 16:00:19 - INFO - TRAIN: EPOCH 1: BATCH 0018/0032: LOSS: 174.2501
2024-03-17 16:00:19 - INFO - TRAIN: EPOCH 1: BATCH 0019/0032: LOSS: 153.0690
2024-03-17 16:00:20 - INFO - TRAIN: EPOCH 1: BATCH 0020/0032: LOSS: 206.7720
2024-03-17 16:00:20 - INFO - TRAIN: EPOCH 1: BATCH 0021/0032: LOSS: 148.5621
2024-03-17 16:00:21 - INFO - TRAIN: EPOCH 1: BATCH 0022/0032: LOSS: 138.9700
2024-03-17 16:00:22 - INFO - TRAIN: EPOCH 1: BATCH 0023/0032: LOSS: 184.6980
2024-03-17 16:00:22 - INFO - TRAIN: EPOCH 1: BATCH 0024/0032: LOSS: 129.9923
2024-03-17 16:00:23 - INFO - TRAIN: EPOCH 1: BATCH 0025/0032: LOSS: 148.7655
2024-03-17 16:00:24 - INFO - TRAIN: EPOCH 1: BATCH 0026/0032: LOSS: 161.8015
2024-03-17 16:00:24 - INFO - TRAIN: EPOCH 1: BATCH 0027/0032: LOSS: 148.8138
2024-03-17 16:00:25 - INFO - TRAIN: EPOCH 1: BATCH 0028/0032: LOSS: 164.0836
2024-03-17 16:00:26 - INFO - TRAIN: EPOCH 1: BATCH 0029/0032: LOSS: 151.1411
2024-03-17 16:00:27 - INFO - TRAIN: EPOCH 1: BATCH 0030/0032: LOSS: 134.0152
2024-03-17 16:00:27 - INFO - TRAIN: EPOCH 1: BATCH 0031/0032: LOSS: 77.1111
2024-03-17 16:00:32 - ERROR - Traceback (most recent call last):
2024-03-17 16:00:32 - ERROR -   File "<string>", line 1, in <module>
2024-03-17 16:00:32 - ERROR -   File "c:\Users\rausc\AppData\Local\Programs\Python\Python310\lib\multiprocessing\spawn.py", line 116, in spawn_main
2024-03-17 16:00:32 - ERROR - exitcode = _main(fd, parent_sentinel)
2024-03-17 16:00:32 - ERROR -   File "c:\Users\rausc\AppData\Local\Programs\Python\Python310\lib\multiprocessing\spawn.py", line 125, in _main
2024-03-17 16:00:32 - ERROR - prepare(preparation_data)
2024-03-17 16:00:32 - ERROR -   File "c:\Users\rausc\AppData\Local\Programs\Python\Python310\lib\multiprocessing\spawn.py", line 236, in prepare
2024-03-17 16:00:32 - ERROR - _fixup_main_from_path(data['init_main_from_path'])
2024-03-17 16:00:32 - ERROR -   File "c:\Users\rausc\AppData\Local\Programs\Python\Python310\lib\multiprocessing\spawn.py", line 287, in _fixup_main_from_path
2024-03-17 16:00:32 - ERROR - main_content = runpy.run_path(main_path,
2024-03-17 16:00:32 - ERROR -   File "c:\Users\rausc\AppData\Local\Programs\Python\Python310\lib\runpy.py", line 289, in run_path
2024-03-17 16:00:32 - ERROR - return _run_module_code(code, init_globals, run_name,
2024-03-17 16:00:32 - ERROR -   File "c:\Users\rausc\AppData\Local\Programs\Python\Python310\lib\runpy.py", line 96, in _run_module_code
2024-03-17 16:00:32 - ERROR - _run_code(code, mod_globals, init_globals,
2024-03-17 16:00:32 - ERROR -   File "c:\Users\rausc\AppData\Local\Programs\Python\Python310\lib\runpy.py", line 86, in _run_code
2024-03-17 16:00:32 - ERROR - exec(code, run_globals)
2024-03-17 16:00:32 - ERROR -   File "C:\Users\rausc\Documents\EMBL\code\FastDVDNet\main.py", line 43, in <module>
2024-03-17 16:00:32 - ERROR - from utils import *
2024-03-17 16:00:32 - ERROR -   File "C:\Users\rausc\Documents\EMBL\code\FastDVDNet\utils.py", line 9, in <module>
2024-03-17 16:00:32 - ERROR - import matplotlib.pyplot as plt
2024-03-17 16:00:32 - ERROR -   File "c:\Users\rausc\AppData\Local\Programs\Python\Python310\lib\site-packages\matplotlib\pyplot.py", line 66, in <module>
2024-03-17 16:00:32 - ERROR - from matplotlib.figure import Figure, FigureBase, figaspect
2024-03-17 16:00:32 - ERROR -   File "c:\Users\rausc\AppData\Local\Programs\Python\Python310\lib\site-packages\matplotlib\figure.py", line 43, in <module>
2024-03-17 16:00:32 - ERROR - from matplotlib import _blocking_input, backend_bases, _docstring, projections
2024-03-17 16:00:32 - ERROR -   File "c:\Users\rausc\AppData\Local\Programs\Python\Python310\lib\site-packages\matplotlib\projections\__init__.py", line 56, in <module>
2024-03-17 16:00:32 - ERROR - from .geo import AitoffAxes, HammerAxes, LambertAxes, MollweideAxes
2024-03-17 16:00:32 - ERROR -   File "c:\Users\rausc\AppData\Local\Programs\Python\Python310\lib\site-packages\matplotlib\projections\geo.py", line 341, in <module>
2024-03-17 16:00:32 - ERROR - class MollweideAxes(GeoAxes):
2024-03-17 16:00:32 - ERROR -   File "c:\Users\rausc\AppData\Local\Programs\Python\Python310\lib\site-packages\matplotlib\axes\_base.py", line 741, in __init_subclass__
2024-03-17 16:00:32 - ERROR - super().__init_subclass__(**kwargs)
2024-03-17 16:00:32 - ERROR -   File "c:\Users\rausc\AppData\Local\Programs\Python\Python310\lib\site-packages\matplotlib\artist.py", line 150, in __init_subclass__
2024-03-17 16:00:32 - ERROR - cls._update_set_signature_and_docstring()
2024-03-17 16:00:32 - ERROR -   File "c:\Users\rausc\AppData\Local\Programs\Python\Python310\lib\site-packages\matplotlib\artist.py", line 171, in _update_set_signature_and_docstring
2024-03-17 16:00:32 - ERROR - for prop in ArtistInspector(cls).get_setters()
2024-03-17 16:00:32 - ERROR -   File "c:\Users\rausc\AppData\Local\Programs\Python\Python310\lib\site-packages\matplotlib\artist.py", line 1440, in __init__
2024-03-17 16:00:32 - ERROR - self.aliasd = self.get_aliases()
2024-03-17 16:00:32 - ERROR -   File "c:\Users\rausc\AppData\Local\Programs\Python\Python310\lib\site-packages\matplotlib\artist.py", line 1453, in get_aliases
2024-03-17 16:00:32 - ERROR - names = [name for name in dir(self.o)
2024-03-17 16:00:32 - ERROR -   File "c:\Users\rausc\AppData\Local\Programs\Python\Python310\lib\site-packages\matplotlib\artist.py", line 1454, in <listcomp>
2024-03-17 16:00:32 - ERROR - if name.startswith(('set_', 'get_'))
2024-03-17 16:00:32 - ERROR - KeyboardInterrupt
2024-03-17 16:01:18 - INFO - Not running on server, using default data directory: C:\Users\rausc\Documents\EMBL\data\big_data_small\good_sample-unidentified
2024-03-17 16:01:18 - INFO - Using file path: C:\Users\rausc\Documents\EMBL\projects\OCM_denoising-FastDVDNet
2024-03-17 16:01:18 - INFO - GPU is not available
2024-03-17 16:01:18 - INFO - C:\Users\rausc\Documents\EMBL\data\big_data_small\good_sample-unidentified
2024-03-17 16:01:18 - INFO - Global min and max parameters saved to C:\Users\rausc\Documents\EMBL\data\big_data_small\good_sample-unidentified\min_max_params.pkl
2024-03-17 16:01:18 - INFO - Execution time: 0.018785953521728516 seconds
2024-03-17 16:01:28 - INFO - TRAIN: EPOCH 1: BATCH 0000/0032: LOSS: 1675.2808
2024-03-17 16:01:28 - INFO - TRAIN: EPOCH 1: BATCH 0001/0032: LOSS: 673.1511
2024-03-17 16:01:29 - INFO - TRAIN: EPOCH 1: BATCH 0002/0032: LOSS: 525.8970
2024-03-17 16:01:29 - INFO - TRAIN: EPOCH 1: BATCH 0003/0032: LOSS: 368.1255
2024-03-17 16:01:30 - INFO - TRAIN: EPOCH 1: BATCH 0004/0032: LOSS: 266.3909
2024-03-17 16:01:30 - INFO - TRAIN: EPOCH 1: BATCH 0005/0032: LOSS: 406.7813
2024-03-17 16:01:31 - INFO - TRAIN: EPOCH 1: BATCH 0006/0032: LOSS: 365.7474
2024-03-17 16:01:31 - INFO - TRAIN: EPOCH 1: BATCH 0007/0032: LOSS: 232.4607
2024-03-17 16:01:32 - INFO - TRAIN: EPOCH 1: BATCH 0008/0032: LOSS: 430.6799
2024-03-17 16:01:32 - INFO - TRAIN: EPOCH 1: BATCH 0009/0032: LOSS: 201.2348
2024-03-17 16:01:33 - INFO - TRAIN: EPOCH 1: BATCH 0010/0032: LOSS: 206.2494
2024-03-17 16:01:33 - INFO - TRAIN: EPOCH 1: BATCH 0011/0032: LOSS: 204.3676
2024-03-17 16:01:34 - INFO - TRAIN: EPOCH 1: BATCH 0012/0032: LOSS: 181.5964
2024-03-17 16:01:35 - INFO - TRAIN: EPOCH 1: BATCH 0013/0032: LOSS: 193.0796
2024-03-17 16:01:35 - INFO - TRAIN: EPOCH 1: BATCH 0014/0032: LOSS: 299.2050
2024-03-17 16:01:36 - INFO - TRAIN: EPOCH 1: BATCH 0015/0032: LOSS: 214.2332
2024-03-17 16:01:36 - INFO - TRAIN: EPOCH 1: BATCH 0016/0032: LOSS: 189.1637
2024-03-17 16:01:37 - INFO - TRAIN: EPOCH 1: BATCH 0017/0032: LOSS: 158.0772
2024-03-17 16:01:38 - INFO - TRAIN: EPOCH 1: BATCH 0018/0032: LOSS: 169.8412
2024-03-17 16:01:39 - INFO - TRAIN: EPOCH 1: BATCH 0019/0032: LOSS: 151.5725
2024-03-17 16:01:40 - INFO - TRAIN: EPOCH 1: BATCH 0020/0032: LOSS: 226.7174
2024-03-17 16:01:40 - INFO - TRAIN: EPOCH 1: BATCH 0021/0032: LOSS: 141.7601
2024-03-17 16:01:41 - INFO - TRAIN: EPOCH 1: BATCH 0022/0032: LOSS: 131.8018
2024-03-17 16:01:42 - INFO - TRAIN: EPOCH 1: BATCH 0023/0032: LOSS: 123.9101
2024-03-17 16:01:43 - INFO - TRAIN: EPOCH 1: BATCH 0024/0032: LOSS: 120.5346
2024-03-17 16:01:44 - INFO - TRAIN: EPOCH 1: BATCH 0025/0032: LOSS: 125.8767
2024-03-17 16:01:45 - INFO - TRAIN: EPOCH 1: BATCH 0026/0032: LOSS: 148.8029
2024-03-17 16:01:45 - INFO - TRAIN: EPOCH 1: BATCH 0027/0032: LOSS: 123.4260
2024-03-17 16:01:46 - INFO - TRAIN: EPOCH 1: BATCH 0028/0032: LOSS: 136.3625
2024-03-17 16:01:47 - INFO - TRAIN: EPOCH 1: BATCH 0029/0032: LOSS: 114.6706
2024-03-17 16:01:48 - INFO - TRAIN: EPOCH 1: BATCH 0030/0032: LOSS: 150.6572
2024-03-17 16:01:48 - INFO - TRAIN: EPOCH 1: BATCH 0031/0032: LOSS: 72.2627
2024-03-17 16:02:00 - INFO - TRAIN: EPOCH 2: BATCH 0000/0032: LOSS: 138.1021
2024-03-17 16:02:01 - INFO - TRAIN: EPOCH 2: BATCH 0001/0032: LOSS: 241.1842
2024-03-17 16:02:01 - INFO - TRAIN: EPOCH 2: BATCH 0002/0032: LOSS: 110.8065
2024-03-17 16:02:02 - INFO - TRAIN: EPOCH 2: BATCH 0003/0032: LOSS: 161.5654
2024-03-17 16:02:03 - INFO - TRAIN: EPOCH 2: BATCH 0004/0032: LOSS: 144.9510
2024-03-17 16:02:03 - INFO - TRAIN: EPOCH 2: BATCH 0005/0032: LOSS: 115.4593
2024-03-17 16:02:04 - INFO - TRAIN: EPOCH 2: BATCH 0006/0032: LOSS: 120.3754
2024-03-17 16:02:04 - INFO - TRAIN: EPOCH 2: BATCH 0007/0032: LOSS: 122.9054
2024-03-17 16:02:05 - INFO - TRAIN: EPOCH 2: BATCH 0008/0032: LOSS: 119.4443
2024-03-17 16:02:05 - INFO - TRAIN: EPOCH 2: BATCH 0009/0032: LOSS: 130.7361
2024-03-17 16:02:06 - INFO - TRAIN: EPOCH 2: BATCH 0010/0032: LOSS: 205.7914
2024-03-17 16:02:06 - INFO - TRAIN: EPOCH 2: BATCH 0011/0032: LOSS: 130.6356
2024-03-17 16:02:07 - INFO - TRAIN: EPOCH 2: BATCH 0012/0032: LOSS: 125.9483
2024-03-17 16:02:07 - INFO - TRAIN: EPOCH 2: BATCH 0013/0032: LOSS: 144.5792
2024-03-17 16:02:08 - INFO - TRAIN: EPOCH 2: BATCH 0014/0032: LOSS: 162.7946
2024-03-17 16:02:08 - INFO - TRAIN: EPOCH 2: BATCH 0015/0032: LOSS: 112.5882
2024-03-17 16:02:09 - INFO - TRAIN: EPOCH 2: BATCH 0016/0032: LOSS: 135.2624
2024-03-17 16:02:10 - INFO - TRAIN: EPOCH 2: BATCH 0017/0032: LOSS: 113.3047
2024-03-17 16:02:10 - INFO - TRAIN: EPOCH 2: BATCH 0018/0032: LOSS: 120.1806
2024-03-17 16:02:11 - INFO - TRAIN: EPOCH 2: BATCH 0019/0032: LOSS: 118.3969
2024-03-17 16:02:11 - INFO - TRAIN: EPOCH 2: BATCH 0020/0032: LOSS: 112.3284
2024-03-17 16:02:12 - INFO - TRAIN: EPOCH 2: BATCH 0021/0032: LOSS: 133.3210
2024-03-17 16:02:12 - INFO - TRAIN: EPOCH 2: BATCH 0022/0032: LOSS: 223.8178
2024-03-17 16:02:13 - INFO - TRAIN: EPOCH 2: BATCH 0023/0032: LOSS: 160.8957
2024-03-17 16:02:14 - INFO - TRAIN: EPOCH 2: BATCH 0024/0032: LOSS: 127.8881
2024-03-17 16:02:15 - INFO - TRAIN: EPOCH 2: BATCH 0025/0032: LOSS: 117.9467
2024-03-17 16:02:15 - INFO - TRAIN: EPOCH 2: BATCH 0026/0032: LOSS: 105.7718
2024-03-17 16:02:16 - INFO - TRAIN: EPOCH 2: BATCH 0027/0032: LOSS: 129.8997
2024-03-17 16:02:17 - INFO - TRAIN: EPOCH 2: BATCH 0028/0032: LOSS: 109.5621
2024-03-17 16:02:18 - INFO - TRAIN: EPOCH 2: BATCH 0029/0032: LOSS: 142.2141
2024-03-17 16:02:19 - INFO - TRAIN: EPOCH 2: BATCH 0030/0032: LOSS: 189.8896
2024-03-17 16:02:19 - INFO - TRAIN: EPOCH 2: BATCH 0031/0032: LOSS: 135.5885
2024-03-17 16:02:31 - INFO - TRAIN: EPOCH 3: BATCH 0000/0032: LOSS: 156.8031
2024-03-17 16:02:32 - INFO - TRAIN: EPOCH 3: BATCH 0001/0032: LOSS: 106.1708
2024-03-17 16:02:33 - INFO - TRAIN: EPOCH 3: BATCH 0002/0032: LOSS: 110.3574
2024-03-17 16:02:33 - INFO - TRAIN: EPOCH 3: BATCH 0003/0032: LOSS: 114.7625
2024-03-17 16:02:34 - INFO - TRAIN: EPOCH 3: BATCH 0004/0032: LOSS: 119.7074
2024-03-17 16:02:35 - INFO - TRAIN: EPOCH 3: BATCH 0005/0032: LOSS: 124.5502
2024-03-17 16:02:36 - INFO - TRAIN: EPOCH 3: BATCH 0006/0032: LOSS: 116.1884
2024-03-17 16:02:36 - INFO - TRAIN: EPOCH 3: BATCH 0007/0032: LOSS: 109.5171
2024-03-17 16:02:37 - INFO - TRAIN: EPOCH 3: BATCH 0008/0032: LOSS: 150.6109
2024-03-17 16:02:38 - INFO - TRAIN: EPOCH 3: BATCH 0009/0032: LOSS: 121.5808
2024-03-17 16:02:39 - INFO - TRAIN: EPOCH 3: BATCH 0010/0032: LOSS: 118.5258
2024-03-17 16:02:39 - INFO - TRAIN: EPOCH 3: BATCH 0011/0032: LOSS: 127.1387
2024-03-17 16:02:40 - INFO - TRAIN: EPOCH 3: BATCH 0012/0032: LOSS: 115.2590
2024-03-17 16:02:41 - INFO - TRAIN: EPOCH 3: BATCH 0013/0032: LOSS: 114.5752
2024-03-17 16:02:42 - INFO - TRAIN: EPOCH 3: BATCH 0014/0032: LOSS: 129.0518
2024-03-17 16:02:42 - INFO - TRAIN: EPOCH 3: BATCH 0015/0032: LOSS: 118.6868
2024-03-17 16:02:43 - INFO - TRAIN: EPOCH 3: BATCH 0016/0032: LOSS: 117.1794
2024-03-17 16:02:44 - INFO - TRAIN: EPOCH 3: BATCH 0017/0032: LOSS: 116.9742
2024-03-17 16:02:45 - INFO - TRAIN: EPOCH 3: BATCH 0018/0032: LOSS: 106.0714
2024-03-17 16:02:45 - INFO - TRAIN: EPOCH 3: BATCH 0019/0032: LOSS: 109.7593
2024-03-17 16:02:46 - INFO - TRAIN: EPOCH 3: BATCH 0020/0032: LOSS: 133.6015
2024-03-17 16:02:47 - INFO - TRAIN: EPOCH 3: BATCH 0021/0032: LOSS: 126.5285
2024-03-17 16:02:48 - INFO - TRAIN: EPOCH 3: BATCH 0022/0032: LOSS: 110.0016
2024-03-17 16:02:48 - INFO - TRAIN: EPOCH 3: BATCH 0023/0032: LOSS: 114.1432
2024-03-17 16:02:49 - INFO - TRAIN: EPOCH 3: BATCH 0024/0032: LOSS: 106.0296
2024-03-17 16:02:50 - INFO - TRAIN: EPOCH 3: BATCH 0025/0032: LOSS: 108.6383
2024-03-17 16:02:50 - INFO - TRAIN: EPOCH 3: BATCH 0026/0032: LOSS: 113.5301
2024-03-17 16:02:51 - INFO - TRAIN: EPOCH 3: BATCH 0027/0032: LOSS: 125.4154
2024-03-17 16:02:52 - INFO - TRAIN: EPOCH 3: BATCH 0028/0032: LOSS: 190.5264
2024-03-17 16:02:53 - INFO - TRAIN: EPOCH 3: BATCH 0029/0032: LOSS: 123.0308
2024-03-17 16:02:53 - INFO - TRAIN: EPOCH 3: BATCH 0030/0032: LOSS: 110.4773
2024-03-17 16:02:54 - INFO - TRAIN: EPOCH 3: BATCH 0031/0032: LOSS: 89.0423
2024-03-17 16:03:06 - INFO - TRAIN: EPOCH 4: BATCH 0000/0032: LOSS: 130.2412
2024-03-17 16:03:06 - INFO - TRAIN: EPOCH 4: BATCH 0001/0032: LOSS: 133.9376
2024-03-17 16:03:07 - INFO - TRAIN: EPOCH 4: BATCH 0002/0032: LOSS: 116.6429
2024-03-17 16:03:08 - INFO - TRAIN: EPOCH 4: BATCH 0003/0032: LOSS: 109.3183
2024-03-17 16:03:09 - INFO - TRAIN: EPOCH 4: BATCH 0004/0032: LOSS: 119.5909
2024-03-17 16:03:10 - INFO - TRAIN: EPOCH 4: BATCH 0005/0032: LOSS: 148.7899
2024-03-17 16:03:11 - INFO - TRAIN: EPOCH 4: BATCH 0006/0032: LOSS: 158.0298
2024-03-17 16:03:12 - INFO - TRAIN: EPOCH 4: BATCH 0007/0032: LOSS: 160.3590
2024-03-17 16:03:13 - INFO - TRAIN: EPOCH 4: BATCH 0008/0032: LOSS: 159.0818
2024-03-17 16:03:14 - INFO - TRAIN: EPOCH 4: BATCH 0009/0032: LOSS: 121.4743
2024-03-17 16:03:15 - INFO - TRAIN: EPOCH 4: BATCH 0010/0032: LOSS: 107.2063
2024-03-17 16:03:16 - INFO - TRAIN: EPOCH 4: BATCH 0011/0032: LOSS: 128.2726
2024-03-17 16:03:17 - INFO - TRAIN: EPOCH 4: BATCH 0012/0032: LOSS: 262.4749
2024-03-17 16:03:18 - INFO - TRAIN: EPOCH 4: BATCH 0013/0032: LOSS: 163.4408
2024-03-17 16:03:19 - INFO - TRAIN: EPOCH 4: BATCH 0014/0032: LOSS: 116.7847
2024-03-17 16:03:20 - INFO - TRAIN: EPOCH 4: BATCH 0015/0032: LOSS: 114.5472
2024-03-17 16:03:21 - INFO - TRAIN: EPOCH 4: BATCH 0016/0032: LOSS: 130.1055
2024-03-17 16:03:23 - INFO - TRAIN: EPOCH 4: BATCH 0017/0032: LOSS: 144.2384
2024-03-17 16:03:24 - INFO - TRAIN: EPOCH 4: BATCH 0018/0032: LOSS: 110.9665
2024-03-17 16:03:25 - INFO - TRAIN: EPOCH 4: BATCH 0019/0032: LOSS: 126.0234
2024-03-17 16:03:26 - INFO - TRAIN: EPOCH 4: BATCH 0020/0032: LOSS: 118.0921
2024-03-17 16:03:27 - INFO - TRAIN: EPOCH 4: BATCH 0021/0032: LOSS: 137.4350
2024-03-17 16:03:28 - INFO - TRAIN: EPOCH 4: BATCH 0022/0032: LOSS: 112.3315
2024-03-17 16:03:29 - INFO - TRAIN: EPOCH 4: BATCH 0023/0032: LOSS: 104.1886
2024-03-17 16:03:31 - INFO - TRAIN: EPOCH 4: BATCH 0024/0032: LOSS: 249.9853
2024-03-17 16:03:32 - INFO - TRAIN: EPOCH 4: BATCH 0025/0032: LOSS: 225.0422
2024-03-17 16:03:32 - INFO - TRAIN: EPOCH 4: BATCH 0026/0032: LOSS: 121.9777
2024-03-17 16:03:33 - INFO - TRAIN: EPOCH 4: BATCH 0027/0032: LOSS: 128.6731
2024-03-17 16:03:35 - INFO - TRAIN: EPOCH 4: BATCH 0028/0032: LOSS: 114.5360
2024-03-17 16:03:36 - INFO - TRAIN: EPOCH 4: BATCH 0029/0032: LOSS: 109.0233
2024-03-17 16:03:37 - INFO - TRAIN: EPOCH 4: BATCH 0030/0032: LOSS: 104.5113
2024-03-17 16:03:38 - INFO - TRAIN: EPOCH 4: BATCH 0031/0032: LOSS: 131.7260
2024-03-17 16:03:49 - INFO - TRAIN: EPOCH 5: BATCH 0000/0032: LOSS: 115.4463
2024-03-17 16:03:50 - INFO - TRAIN: EPOCH 5: BATCH 0001/0032: LOSS: 108.2011
2024-03-17 16:03:51 - INFO - TRAIN: EPOCH 5: BATCH 0002/0032: LOSS: 123.1604
2024-03-17 16:03:52 - INFO - Backend TkAgg is interactive backend. Turning interactive mode on.
2024-03-17 16:26:18 - INFO - GPU is not available
2024-03-17 16:26:18 - INFO - C:\Users\rausc\Documents\EMBL\data\big_data_small\good_sample-unidentified
2024-03-17 16:26:18 - INFO - Global min and max parameters saved to C:\Users\rausc\Documents\EMBL\data\big_data_small\good_sample-unidentified\min_max_params.pkl
2024-03-17 16:26:18 - INFO - Execution time: 0.009999990463256836 seconds
2024-03-17 16:26:27 - INFO - TRAIN: EPOCH 1: BATCH 0000/0032: LOSS: 1432.7734
2024-03-17 16:26:27 - INFO - TRAIN: EPOCH 1: BATCH 0001/0032: LOSS: 883.9034
2024-03-17 16:26:28 - INFO - TRAIN: EPOCH 1: BATCH 0002/0032: LOSS: 555.9512
2024-03-17 16:26:28 - INFO - TRAIN: EPOCH 1: BATCH 0003/0032: LOSS: 391.4780
2024-03-17 16:26:28 - INFO - TRAIN: EPOCH 1: BATCH 0004/0032: LOSS: 586.7738
2024-03-17 16:26:29 - INFO - TRAIN: EPOCH 1: BATCH 0005/0032: LOSS: 236.6634
2024-03-17 16:26:29 - INFO - TRAIN: EPOCH 1: BATCH 0006/0032: LOSS: 302.6083
2024-03-17 16:26:30 - INFO - TRAIN: EPOCH 1: BATCH 0007/0032: LOSS: 250.2561
2024-03-17 16:26:30 - INFO - TRAIN: EPOCH 1: BATCH 0008/0032: LOSS: 188.4617
2024-03-17 16:26:30 - INFO - TRAIN: EPOCH 1: BATCH 0009/0032: LOSS: 206.7906
2024-03-17 16:26:31 - INFO - TRAIN: EPOCH 1: BATCH 0010/0032: LOSS: 319.9968
2024-03-17 16:26:31 - INFO - TRAIN: EPOCH 1: BATCH 0011/0032: LOSS: 208.6649
2024-03-17 16:26:32 - INFO - TRAIN: EPOCH 1: BATCH 0012/0032: LOSS: 315.6260
2024-03-17 16:26:32 - INFO - TRAIN: EPOCH 1: BATCH 0013/0032: LOSS: 200.9828
2024-03-17 16:26:32 - INFO - TRAIN: EPOCH 1: BATCH 0014/0032: LOSS: 148.0803
2024-03-17 16:26:33 - INFO - TRAIN: EPOCH 1: BATCH 0015/0032: LOSS: 177.9320
2024-03-17 16:26:33 - INFO - TRAIN: EPOCH 1: BATCH 0016/0032: LOSS: 227.6661
2024-03-17 16:26:34 - INFO - TRAIN: EPOCH 1: BATCH 0017/0032: LOSS: 143.6112
2024-03-17 16:26:34 - INFO - TRAIN: EPOCH 1: BATCH 0018/0032: LOSS: 246.9964
2024-03-17 16:26:34 - INFO - TRAIN: EPOCH 1: BATCH 0019/0032: LOSS: 144.0765
2024-03-17 16:26:35 - INFO - TRAIN: EPOCH 1: BATCH 0020/0032: LOSS: 194.2656
2024-03-17 16:26:35 - INFO - TRAIN: EPOCH 1: BATCH 0021/0032: LOSS: 185.7669
2024-03-17 16:26:36 - INFO - TRAIN: EPOCH 1: BATCH 0022/0032: LOSS: 187.0984
2024-03-17 16:26:36 - INFO - TRAIN: EPOCH 1: BATCH 0023/0032: LOSS: 127.4361
2024-03-17 16:26:37 - INFO - TRAIN: EPOCH 1: BATCH 0024/0032: LOSS: 133.4275
2024-03-17 16:26:37 - INFO - TRAIN: EPOCH 1: BATCH 0025/0032: LOSS: 201.0386
2024-03-17 16:26:38 - INFO - TRAIN: EPOCH 1: BATCH 0026/0032: LOSS: 247.9713
2024-03-17 16:26:38 - INFO - TRAIN: EPOCH 1: BATCH 0027/0032: LOSS: 148.9144
2024-03-17 16:26:39 - INFO - TRAIN: EPOCH 1: BATCH 0028/0032: LOSS: 133.2852
2024-03-17 16:26:39 - INFO - TRAIN: EPOCH 1: BATCH 0029/0032: LOSS: 160.2985
2024-03-17 16:26:39 - INFO - TRAIN: EPOCH 1: BATCH 0030/0032: LOSS: 128.7294
2024-03-17 16:26:40 - INFO - TRAIN: EPOCH 1: BATCH 0031/0032: LOSS: 71.7012
2024-03-17 16:26:51 - INFO - TRAIN: EPOCH 2: BATCH 0000/0032: LOSS: 165.0083
2024-03-17 16:26:52 - INFO - TRAIN: EPOCH 2: BATCH 0001/0032: LOSS: 138.1775
2024-03-17 16:26:52 - INFO - TRAIN: EPOCH 2: BATCH 0002/0032: LOSS: 161.8879
2024-03-17 16:26:52 - INFO - TRAIN: EPOCH 2: BATCH 0003/0032: LOSS: 154.4017
2024-03-17 16:26:53 - INFO - TRAIN: EPOCH 2: BATCH 0004/0032: LOSS: 219.7011
2024-03-17 16:26:53 - INFO - TRAIN: EPOCH 2: BATCH 0005/0032: LOSS: 135.0474
2024-03-17 16:26:54 - INFO - TRAIN: EPOCH 2: BATCH 0006/0032: LOSS: 120.8147
2024-03-17 16:26:54 - INFO - TRAIN: EPOCH 2: BATCH 0007/0032: LOSS: 159.6350
2024-03-17 16:26:54 - INFO - TRAIN: EPOCH 2: BATCH 0008/0032: LOSS: 185.6485
2024-03-17 16:26:55 - INFO - TRAIN: EPOCH 2: BATCH 0009/0032: LOSS: 169.5892
2024-03-17 16:26:55 - INFO - TRAIN: EPOCH 2: BATCH 0010/0032: LOSS: 147.1997
2024-03-17 16:26:56 - INFO - TRAIN: EPOCH 2: BATCH 0011/0032: LOSS: 234.8842
2024-03-17 16:26:56 - INFO - TRAIN: EPOCH 2: BATCH 0012/0032: LOSS: 142.1995
2024-03-17 16:26:56 - INFO - TRAIN: EPOCH 2: BATCH 0013/0032: LOSS: 219.0070
2024-03-17 16:26:57 - INFO - TRAIN: EPOCH 2: BATCH 0014/0032: LOSS: 139.1681
2024-03-17 16:26:57 - INFO - TRAIN: EPOCH 2: BATCH 0015/0032: LOSS: 191.8686
2024-03-17 16:26:58 - INFO - TRAIN: EPOCH 2: BATCH 0016/0032: LOSS: 172.7980
2024-03-17 16:26:58 - INFO - TRAIN: EPOCH 2: BATCH 0017/0032: LOSS: 153.6464
2024-03-17 16:26:59 - INFO - TRAIN: EPOCH 2: BATCH 0018/0032: LOSS: 175.7648
2024-03-17 16:26:59 - INFO - TRAIN: EPOCH 2: BATCH 0019/0032: LOSS: 137.1183
2024-03-17 16:26:59 - INFO - TRAIN: EPOCH 2: BATCH 0020/0032: LOSS: 130.0618
2024-03-17 16:27:00 - INFO - TRAIN: EPOCH 2: BATCH 0021/0032: LOSS: 118.6898
2024-03-17 16:27:00 - INFO - TRAIN: EPOCH 2: BATCH 0022/0032: LOSS: 156.8334
2024-03-17 16:27:01 - INFO - TRAIN: EPOCH 2: BATCH 0023/0032: LOSS: 577.1763
2024-03-17 16:27:01 - INFO - TRAIN: EPOCH 2: BATCH 0024/0032: LOSS: 229.8450
2024-03-17 16:27:02 - INFO - TRAIN: EPOCH 2: BATCH 0025/0032: LOSS: 139.3563
2024-03-17 16:27:02 - INFO - TRAIN: EPOCH 2: BATCH 0026/0032: LOSS: 274.9979
2024-03-17 16:27:03 - INFO - TRAIN: EPOCH 2: BATCH 0027/0032: LOSS: 183.5840
2024-03-17 16:27:03 - INFO - TRAIN: EPOCH 2: BATCH 0028/0032: LOSS: 218.0134
2024-03-17 16:27:03 - INFO - TRAIN: EPOCH 2: BATCH 0029/0032: LOSS: 127.2082
2024-03-17 16:27:05 - ERROR - Traceback (most recent call last):
2024-03-17 16:27:05 - ERROR -   File "c:\Users\rausc\AppData\Local\Programs\Python\Python310\lib\runpy.py", line 196, in _run_module_as_main
2024-03-17 16:27:05 - ERROR - return _run_code(code, main_globals, None,
2024-03-17 16:27:05 - ERROR -   File "c:\Users\rausc\AppData\Local\Programs\Python\Python310\lib\runpy.py", line 86, in _run_code
2024-03-17 16:27:05 - ERROR - exec(code, run_globals)
2024-03-17 16:27:05 - ERROR -   File "c:\Users\rausc\.vscode\extensions\ms-python.debugpy-2024.2.0-win32-x64\bundled\libs\debugpy\__main__.py", line 39, in <module>
2024-03-17 16:27:05 - ERROR - cli.main()
2024-03-17 16:27:05 - ERROR -   File "c:\Users\rausc\.vscode\extensions\ms-python.debugpy-2024.2.0-win32-x64\bundled\libs\debugpy/..\debugpy\server\cli.py", line 430, in main
2024-03-17 16:27:05 - ERROR - run()
2024-03-17 16:27:05 - ERROR -   File "c:\Users\rausc\.vscode\extensions\ms-python.debugpy-2024.2.0-win32-x64\bundled\libs\debugpy/..\debugpy\server\cli.py", line 284, in run_file
2024-03-17 16:27:05 - ERROR - runpy.run_path(target, run_name="__main__")
2024-03-17 16:27:05 - ERROR -   File "c:\Users\rausc\.vscode\extensions\ms-python.debugpy-2024.2.0-win32-x64\bundled\libs\debugpy\_vendored\pydevd\_pydevd_bundle\pydevd_runpy.py", line 321, in run_path
2024-03-17 16:27:05 - ERROR - return _run_module_code(code, init_globals, run_name,
2024-03-17 16:27:05 - ERROR -   File "c:\Users\rausc\.vscode\extensions\ms-python.debugpy-2024.2.0-win32-x64\bundled\libs\debugpy\_vendored\pydevd\_pydevd_bundle\pydevd_runpy.py", line 135, in _run_module_code
2024-03-17 16:27:05 - ERROR - _run_code(code, mod_globals, init_globals,
2024-03-17 16:27:05 - ERROR -   File "c:\Users\rausc\.vscode\extensions\ms-python.debugpy-2024.2.0-win32-x64\bundled\libs\debugpy\_vendored\pydevd\_pydevd_bundle\pydevd_runpy.py", line 124, in _run_code
2024-03-17 16:27:05 - ERROR - exec(code, run_globals)
2024-03-17 16:27:05 - ERROR -   File "C:\Users\rausc\Documents\EMBL\code\FastDVDNet\main.py", line 98, in <module>
2024-03-17 16:27:05 - ERROR - main()
2024-03-17 16:27:05 - ERROR -   File "C:\Users\rausc\Documents\EMBL\code\FastDVDNet\main.py", line 94, in main
2024-03-17 16:27:05 - ERROR - TRAINER.train()
2024-03-17 16:27:05 - ERROR -   File "C:\Users\rausc\Documents\EMBL\code\FastDVDNet\train.py", line 136, in train
2024-03-17 16:27:05 - ERROR - loss.backward()
2024-03-17 16:27:05 - ERROR -   File "c:\Users\rausc\AppData\Local\Programs\Python\Python310\lib\site-packages\torch\_tensor.py", line 492, in backward
2024-03-17 16:27:05 - ERROR - torch.autograd.backward(
2024-03-17 16:27:05 - ERROR -   File "c:\Users\rausc\AppData\Local\Programs\Python\Python310\lib\site-packages\torch\autograd\__init__.py", line 251, in backward
2024-03-17 16:27:05 - ERROR - Variable._execution_engine.run_backward(  # Calls into the C++ engine to run the backward pass
2024-03-17 16:27:05 - ERROR - KeyboardInterrupt
2024-03-17 16:27:55 - INFO - GPU is not available
2024-03-17 16:27:55 - INFO - C:\Users\rausc\Documents\EMBL\data\big_data_small\good_sample-unidentified
2024-03-17 16:27:55 - INFO - Global min and max parameters saved to C:\Users\rausc\Documents\EMBL\data\big_data_small\good_sample-unidentified\min_max_params.pkl
2024-03-17 16:27:55 - INFO - Execution time: 0.02043938636779785 seconds
2024-03-17 16:28:04 - INFO - TRAIN: EPOCH 1: BATCH 0000/0032: LOSS: 1524.9169
2024-03-17 16:28:05 - INFO - TRAIN: EPOCH 1: BATCH 0001/0032: LOSS: 1303.8868
2024-03-17 16:28:05 - INFO - TRAIN: EPOCH 1: BATCH 0002/0032: LOSS: 773.6570
2024-03-17 16:28:06 - INFO - TRAIN: EPOCH 1: BATCH 0003/0032: LOSS: 493.6254
2024-03-17 16:28:06 - INFO - TRAIN: EPOCH 1: BATCH 0004/0032: LOSS: 469.8099
2024-03-17 16:28:06 - INFO - TRAIN: EPOCH 1: BATCH 0005/0032: LOSS: 286.8378
2024-03-17 16:28:07 - INFO - TRAIN: EPOCH 1: BATCH 0006/0032: LOSS: 285.1569
2024-03-17 16:28:07 - INFO - TRAIN: EPOCH 1: BATCH 0007/0032: LOSS: 295.7842
2024-03-17 16:28:08 - INFO - TRAIN: EPOCH 1: BATCH 0008/0032: LOSS: 359.5765
2024-03-17 16:28:08 - INFO - TRAIN: EPOCH 1: BATCH 0009/0032: LOSS: 203.3684
2024-03-17 16:28:09 - INFO - TRAIN: EPOCH 1: BATCH 0010/0032: LOSS: 205.4926
2024-03-17 16:28:09 - INFO - TRAIN: EPOCH 1: BATCH 0011/0032: LOSS: 173.1196
2024-03-17 16:28:09 - INFO - TRAIN: EPOCH 1: BATCH 0012/0032: LOSS: 259.2607
2024-03-17 16:28:10 - INFO - TRAIN: EPOCH 1: BATCH 0013/0032: LOSS: 190.1312
2024-03-17 16:28:10 - INFO - TRAIN: EPOCH 1: BATCH 0014/0032: LOSS: 164.6187
2024-03-17 16:28:11 - INFO - TRAIN: EPOCH 1: BATCH 0015/0032: LOSS: 210.0123
2024-03-17 16:28:11 - INFO - TRAIN: EPOCH 1: BATCH 0016/0032: LOSS: 159.1301
2024-03-17 16:28:12 - INFO - TRAIN: EPOCH 1: BATCH 0017/0032: LOSS: 145.6755
2024-03-17 16:28:12 - INFO - TRAIN: EPOCH 1: BATCH 0018/0032: LOSS: 129.2038
2024-03-17 16:28:13 - INFO - TRAIN: EPOCH 1: BATCH 0019/0032: LOSS: 143.4740
2024-03-17 16:28:14 - INFO - TRAIN: EPOCH 1: BATCH 0020/0032: LOSS: 186.5913
2024-03-17 16:28:15 - INFO - TRAIN: EPOCH 1: BATCH 0021/0032: LOSS: 184.3455
2024-03-17 16:28:15 - INFO - TRAIN: EPOCH 1: BATCH 0022/0032: LOSS: 189.5763
2024-03-17 16:28:16 - INFO - TRAIN: EPOCH 1: BATCH 0023/0032: LOSS: 186.8598
2024-03-17 16:28:17 - INFO - TRAIN: EPOCH 1: BATCH 0024/0032: LOSS: 175.2026
2024-03-17 16:28:17 - INFO - TRAIN: EPOCH 1: BATCH 0025/0032: LOSS: 169.9144
2024-03-17 16:28:18 - INFO - TRAIN: EPOCH 1: BATCH 0026/0032: LOSS: 140.9598
2024-03-17 16:28:19 - INFO - TRAIN: EPOCH 1: BATCH 0027/0032: LOSS: 131.5709
2024-03-17 16:28:19 - INFO - TRAIN: EPOCH 1: BATCH 0028/0032: LOSS: 127.4626
2024-03-17 16:28:20 - INFO - TRAIN: EPOCH 1: BATCH 0029/0032: LOSS: 147.5513
2024-03-17 16:28:21 - INFO - TRAIN: EPOCH 1: BATCH 0030/0032: LOSS: 168.8289
2024-03-17 16:28:22 - INFO - TRAIN: EPOCH 1: BATCH 0031/0032: LOSS: 88.3940
2024-03-17 16:28:22 - ERROR - Traceback (most recent call last):
2024-03-17 16:28:22 - ERROR -   File "<string>", line 1, in <module>
2024-03-17 16:28:22 - ERROR -   File "c:\Users\rausc\AppData\Local\Programs\Python\Python310\lib\multiprocessing\spawn.py", line 116, in spawn_main
2024-03-17 16:28:22 - ERROR - exitcode = _main(fd, parent_sentinel)
2024-03-17 16:28:22 - ERROR -   File "c:\Users\rausc\AppData\Local\Programs\Python\Python310\lib\multiprocessing\spawn.py", line 129, in _main
2024-03-17 16:28:22 - ERROR - return self._bootstrap(parent_sentinel)
2024-03-17 16:28:22 - ERROR -   File "c:\Users\rausc\AppData\Local\Programs\Python\Python310\lib\multiprocessing\process.py", line 332, in _bootstrap
2024-03-17 16:28:22 - ERROR - threading._shutdown()
2024-03-17 16:28:22 - ERROR -   File "c:\Users\rausc\AppData\Local\Programs\Python\Python310\lib\threading.py", line 1567, in _shutdown
2024-03-17 16:28:22 - ERROR - lock.acquire()
2024-03-17 16:28:22 - ERROR - KeyboardInterrupt
2024-03-17 16:28:22 - ERROR - Traceback (most recent call last):
2024-03-17 16:28:22 - ERROR -   File "<string>", line 1, in <module>
2024-03-17 16:28:22 - ERROR -   File "c:\Users\rausc\AppData\Local\Programs\Python\Python310\lib\multiprocessing\spawn.py", line 116, in spawn_main
2024-03-17 16:28:22 - ERROR - exitcode = _main(fd, parent_sentinel)
2024-03-17 16:28:22 - ERROR -   File "c:\Users\rausc\AppData\Local\Programs\Python\Python310\lib\multiprocessing\spawn.py", line 129, in _main
2024-03-17 16:28:22 - ERROR - return self._bootstrap(parent_sentinel)
2024-03-17 16:28:22 - ERROR -   File "c:\Users\rausc\AppData\Local\Programs\Python\Python310\lib\multiprocessing\process.py", line 332, in _bootstrap
2024-03-17 16:28:22 - ERROR - threading._shutdown()
2024-03-17 16:28:22 - ERROR -   File "c:\Users\rausc\AppData\Local\Programs\Python\Python310\lib\threading.py", line 1567, in _shutdown
2024-03-17 16:28:22 - ERROR - lock.acquire()
2024-03-17 16:28:22 - ERROR - KeyboardInterrupt
2024-03-17 16:28:23 - ERROR - Traceback (most recent call last):
2024-03-17 16:28:23 - ERROR -   File "c:\Users\rausc\AppData\Local\Programs\Python\Python310\lib\runpy.py", line 196, in _run_module_as_main
2024-03-17 16:28:23 - ERROR - return _run_code(code, main_globals, None,
2024-03-17 16:28:23 - ERROR -   File "c:\Users\rausc\AppData\Local\Programs\Python\Python310\lib\runpy.py", line 86, in _run_code
2024-03-17 16:28:23 - ERROR - exec(code, run_globals)
2024-03-17 16:28:23 - ERROR -   File "c:\Users\rausc\.vscode\extensions\ms-python.debugpy-2024.2.0-win32-x64\bundled\libs\debugpy\__main__.py", line 39, in <module>
2024-03-17 16:28:23 - ERROR - cli.main()
2024-03-17 16:28:23 - ERROR -   File "c:\Users\rausc\.vscode\extensions\ms-python.debugpy-2024.2.0-win32-x64\bundled\libs\debugpy/..\debugpy\server\cli.py", line 430, in main
2024-03-17 16:28:23 - ERROR - run()
2024-03-17 16:28:23 - ERROR -   File "c:\Users\rausc\.vscode\extensions\ms-python.debugpy-2024.2.0-win32-x64\bundled\libs\debugpy/..\debugpy\server\cli.py", line 284, in run_file
2024-03-17 16:28:23 - ERROR - runpy.run_path(target, run_name="__main__")
2024-03-17 16:28:23 - ERROR -   File "c:\Users\rausc\.vscode\extensions\ms-python.debugpy-2024.2.0-win32-x64\bundled\libs\debugpy\_vendored\pydevd\_pydevd_bundle\pydevd_runpy.py", line 321, in run_path
2024-03-17 16:28:23 - ERROR - return _run_module_code(code, init_globals, run_name,
2024-03-17 16:28:23 - ERROR -   File "c:\Users\rausc\.vscode\extensions\ms-python.debugpy-2024.2.0-win32-x64\bundled\libs\debugpy\_vendored\pydevd\_pydevd_bundle\pydevd_runpy.py", line 135, in _run_module_code
2024-03-17 16:28:23 - ERROR - _run_code(code, mod_globals, init_globals,
2024-03-17 16:28:23 - ERROR -   File "c:\Users\rausc\.vscode\extensions\ms-python.debugpy-2024.2.0-win32-x64\bundled\libs\debugpy\_vendored\pydevd\_pydevd_bundle\pydevd_runpy.py", line 124, in _run_code
2024-03-17 16:28:23 - ERROR - exec(code, run_globals)
2024-03-17 16:28:23 - ERROR -   File "C:\Users\rausc\Documents\EMBL\code\FastDVDNet\main.py", line 98, in <module>
2024-03-17 16:28:23 - ERROR - main()
2024-03-17 16:28:23 - ERROR -   File "C:\Users\rausc\Documents\EMBL\code\FastDVDNet\main.py", line 94, in main
2024-03-17 16:28:23 - ERROR - TRAINER.train()
2024-03-17 16:28:23 - ERROR -   File "C:\Users\rausc\Documents\EMBL\code\FastDVDNet\train.py", line 120, in train
2024-03-17 16:28:23 - ERROR - for batch, data in enumerate(loader_train, 0):
2024-03-17 16:28:23 - ERROR -   File "c:\Users\rausc\AppData\Local\Programs\Python\Python310\lib\site-packages\torch\utils\data\dataloader.py", line 630, in __next__
2024-03-17 16:28:23 - ERROR - data = self._next_data()
2024-03-17 16:28:23 - ERROR -   File "c:\Users\rausc\AppData\Local\Programs\Python\Python310\lib\site-packages\torch\utils\data\dataloader.py", line 1317, in _next_data
2024-03-17 16:28:23 - ERROR - self._shutdown_workers()
2024-03-17 16:28:23 - ERROR -   File "c:\Users\rausc\AppData\Local\Programs\Python\Python310\lib\site-packages\torch\utils\data\dataloader.py", line 1442, in _shutdown_workers
2024-03-17 16:28:23 - ERROR - w.join(timeout=_utils.MP_STATUS_CHECK_INTERVAL)
2024-03-17 16:28:23 - ERROR -   File "c:\Users\rausc\AppData\Local\Programs\Python\Python310\lib\multiprocessing\process.py", line 149, in join
2024-03-17 16:28:23 - ERROR - res = self._popen.wait(timeout)
2024-03-17 16:28:23 - ERROR -   File "c:\Users\rausc\AppData\Local\Programs\Python\Python310\lib\multiprocessing\popen_spawn_win32.py", line 108, in wait
2024-03-17 16:28:23 - ERROR - res = _winapi.WaitForSingleObject(int(self._handle), msecs)
2024-03-17 16:28:23 - ERROR - KeyboardInterrupt
